<?xml version="1.0" encoding="UTF-8"?>
<TestRun id="533b1eff-d64d-440d-90c4-87e53c8f1ec0" name="YJ@DESKTOP-5ABGS77 2019-04-17 16:30:03" runUser="DESKTOP-5ABGS77\YJ" xmlns="http://microsoft.com/schemas/VisualStudio/TeamTest/2010">
  <TestSettings name="로컬" id="49e18d15-f019-43ea-9883-30e4a0ac0f4f">
    <Description>로컬 테스트 실행에 대한 기본 테스트 설정입니다.</Description>
    <Deployment enabled="false" runDeploymentRoot="YJ_DESKTOP-5ABGS77 2019-04-17 16_30_03">
      <DeploymentItem filename="C:\Users\YJ\Documents\Visual Studio 2010\Projects\Ex\Ex\bin\Debug\Ex.exe" />
    </Deployment>
    <Execution>
      <TestTypeSpecific />
      <AgentRule name="Execution Agents">
      </AgentRule>
    </Execution>
  </TestSettings>
  <Times creation="2019-04-17T16:30:03.1148211+09:00" queuing="2019-04-17T16:30:03.1233316+09:00" start="2019-04-17T16:30:03.1263246+09:00" finish="2019-04-17T16:30:03.3936086+09:00" />
  <ResultSummary outcome="Completed">
    <Counters total="2" executed="2" passed="2" error="0" failed="0" timeout="0" aborted="0" inconclusive="0" passedButRunAborted="0" notRunnable="0" notExecuted="0" disconnected="0" warning="0" completed="0" inProgress="0" pending="0" />
  </ResultSummary>
  <TestDefinitions>
    <UnitTest name="Sub" storage="c:\users\yj\documents\visual studio 2010\projects\ex\testex\bin\debug\testex.dll" id="5af2d9fb-b03f-01c9-0cc8-35e9b45b5d07">
      <Execution id="c47b0754-46fb-444f-a920-327d4a39ead2" />
      <TestMethod codeBase="C:/Users/YJ/documents/visual studio 2010/Projects/Ex/TestEx/bin/Debug/TestEx.DLL" adapterTypeName="Microsoft.VisualStudio.TestTools.TestTypes.Unit.UnitTestAdapter, Microsoft.VisualStudio.QualityTools.Tips.UnitTest.Adapter, Version=10.0.0.0, Culture=neutral, PublicKeyToken=b03f5f7f11d50a3a" className="TestEx.YejuneTest, TestEx, Version=1.0.0.0, Culture=neutral, PublicKeyToken=null" name="Sub" />
    </UnitTest>
    <UnitTest name="Add" storage="c:\users\yj\documents\visual studio 2010\projects\ex\testex\bin\debug\testex.dll" id="bcac4d2e-ffde-9067-15d2-f9e40babb9db">
      <Execution id="1847146c-180b-400c-b7ee-2b654db8c3d4" />
      <TestMethod codeBase="C:/Users/YJ/documents/visual studio 2010/Projects/Ex/TestEx/bin/Debug/TestEx.DLL" adapterTypeName="Microsoft.VisualStudio.TestTools.TestTypes.Unit.UnitTestAdapter, Microsoft.VisualStudio.QualityTools.Tips.UnitTest.Adapter, Version=10.0.0.0, Culture=neutral, PublicKeyToken=b03f5f7f11d50a3a" className="TestEx.YejuneTest, TestEx, Version=1.0.0.0, Culture=neutral, PublicKeyToken=null" name="Add" />
    </UnitTest>
  </TestDefinitions>
  <TestLists>
    <TestList name="목록에 없는 결과" id="8c84fa94-04c1-424b-9868-57a2d4851a1d" />
    <TestList name="로드된 모든 결과" id="19431567-8539-422a-85d7-44ee4e166bda" />
  </TestLists>
  <TestEntries>
    <TestEntry testId="5af2d9fb-b03f-01c9-0cc8-35e9b45b5d07" executionId="c47b0754-46fb-444f-a920-327d4a39ead2" testListId="8c84fa94-04c1-424b-9868-57a2d4851a1d" />
    <TestEntry testId="bcac4d2e-ffde-9067-15d2-f9e40babb9db" executionId="1847146c-180b-400c-b7ee-2b654db8c3d4" testListId="8c84fa94-04c1-424b-9868-57a2d4851a1d" />
  </TestEntries>
  <Results>
    <UnitTestResult executionId="c47b0754-46fb-444f-a920-327d4a39ead2" testId="5af2d9fb-b03f-01c9-0cc8-35e9b45b5d07" testName="Sub" computerName="DESKTOP-5ABGS77" duration="00:00:00.0080883" startTime="2019-04-17T16:30:03.1303121+09:00" endTime="2019-04-17T16:30:03.3797165+09:00" testType="13cdc9d9-ddb5-4fa4-a97d-d965ccfc6d4b" outcome="Passed" testListId="8c84fa94-04c1-424b-9868-57a2d4851a1d" relativeResultsDirectory="c47b0754-46fb-444f-a920-327d4a39ead2">
    </UnitTestResult>
    <UnitTestResult executionId="1847146c-180b-400c-b7ee-2b654db8c3d4" testId="bcac4d2e-ffde-9067-15d2-f9e40babb9db" testName="Add" computerName="DESKTOP-5ABGS77" duration="00:00:00.0001398" startTime="2019-04-17T16:30:03.3826368+09:00" endTime="2019-04-17T16:30:03.3846316+09:00" testType="13cdc9d9-ddb5-4fa4-a97d-d965ccfc6d4b" outcome="Passed" testListId="8c84fa94-04c1-424b-9868-57a2d4851a1d" relativeResultsDirectory="1847146c-180b-400c-b7ee-2b654db8c3d4">
    </UnitTestResult>
  </Results>
</TestRun>